<?xml version="1.0" encoding="UTF-8"?>
<!-- Generated by org.testng.reporters.JUnitReportReporter -->
<testsuite hostname="LAPTOP-840DAPSM" failures="0" tests="2" name="com.amazon.tests.AddProductsTest" time="50.209" errors="0" timestamp="2024-03-17T16:14:23 IST" skipped="1">
  <testcase classname="com.amazon.tests.AddProductsTest" name="addProductsToCart" time="50.209"/>
  <testcase classname="com.amazon.tests.AddProductsTest" name="createAccout">
    <skipped/>
  </testcase> <!-- createAccout -->
</testsuite> <!-- com.amazon.tests.AddProductsTest -->
